<?xml version="1.0" encoding="UTF-8"?>
<coverage generated="1574723943162" clover="3.2.0">
  <project timestamp="1574723943162" name="All files">
    <metrics statements="23" coveredstatements="23" conditionals="16" coveredconditionals="16" methods="7" coveredmethods="7" elements="46" coveredelements="46" complexity="0" loc="23" ncloc="23" packages="1" files="1" classes="1"/>
    <file name="ps-button.vue" path="D:\www\COMPONENTS_TECNOPS\tecnops\src\components\ps-button.vue">
      <metrics statements="23" coveredstatements="23" conditionals="16" coveredconditionals="16" methods="7" coveredmethods="7"/>
      <line num="16" count="17" type="cond" truecount="2" falsecount="0"/>
      <line num="17" count="17" type="cond" truecount="2" falsecount="0"/>
      <line num="18" count="1" type="stmt"/>
      <line num="19" count="1" type="stmt"/>
      <line num="21" count="16" type="stmt"/>
      <line num="32" count="17" type="stmt"/>
      <line num="33" count="17" type="cond" truecount="2" falsecount="0"/>
      <line num="34" count="1" type="stmt"/>
      <line num="35" count="1" type="stmt"/>
      <line num="37" count="16" type="stmt"/>
      <line num="44" count="17" type="cond" truecount="2" falsecount="0"/>
      <line num="45" count="17" type="cond" truecount="2" falsecount="0"/>
      <line num="46" count="1" type="stmt"/>
      <line num="47" count="1" type="stmt"/>
      <line num="49" count="16" type="stmt"/>
      <line num="56" count="17" type="stmt"/>
      <line num="57" count="17" type="cond" truecount="2" falsecount="0"/>
      <line num="58" count="1" type="stmt"/>
      <line num="59" count="1" type="stmt"/>
      <line num="61" count="16" type="stmt"/>
      <line num="67" count="21" type="cond" truecount="2" falsecount="0"/>
      <line num="70" count="20" type="cond" truecount="2" falsecount="0"/>
      <line num="81" count="1" type="stmt"/>
    </file>
  </project>
</coverage>
