{"D:\\www\\COMPONENTS_TECNOPS\\tecnops\\src\\components\\ps-button.vue": {"path":"D:\\www\\COMPONENTS_TECNOPS\\tecnops\\src\\components\\ps-button.vue","statementMap":{"0":{"start":{"line":16,"column":0},"end":{"line":16,"column":null}},"1":{"start":{"line":17,"column":0},"end":{"line":20,"column":null}},"2":{"start":{"line":18,"column":0},"end":{"line":18,"column":null}},"3":{"start":{"line":19,"column":0},"end":{"line":19,"column":null}},"4":{"start":{"line":21,"column":0},"end":{"line":21,"column":null}},"5":{"start":{"line":32,"column":0},"end":{"line":32,"column":null}},"6":{"start":{"line":33,"column":0},"end":{"line":36,"column":null}},"7":{"start":{"line":34,"column":0},"end":{"line":34,"column":null}},"8":{"start":{"line":35,"column":0},"end":{"line":35,"column":null}},"9":{"start":{"line":37,"column":0},"end":{"line":37,"column":null}},"10":{"start":{"line":44,"column":0},"end":{"line":44,"column":null}},"11":{"start":{"line":45,"column":0},"end":{"line":48,"column":null}},"12":{"start":{"line":46,"column":0},"end":{"line":46,"column":null}},"13":{"start":{"line":47,"column":0},"end":{"line":47,"column":null}},"14":{"start":{"line":49,"column":0},"end":{"line":49,"column":null}},"15":{"start":{"line":56,"column":0},"end":{"line":56,"column":null}},"16":{"start":{"line":57,"column":0},"end":{"line":60,"column":null}},"17":{"start":{"line":58,"column":0},"end":{"line":58,"column":null}},"18":{"start":{"line":59,"column":0},"end":{"line":59,"column":null}},"19":{"start":{"line":61,"column":0},"end":{"line":61,"column":null}},"20":{"start":{"line":67,"column":0},"end":{"line":67,"column":null}},"21":{"start":{"line":70,"column":0},"end":{"line":70,"column":null}},"22":{"start":{"line":81,"column":0},"end":{"line":81,"column":null}}},"fnMap":{"0":{"name":"(anonymous_1)","decl":{"start":{"line":15,"column":0},"end":{"line":15,"column":null}},"loc":{"start":{"line":15,"column":0},"end":{"line":22,"column":null}}},"1":{"name":"(anonymous_2)","decl":{"start":{"line":31,"column":0},"end":{"line":31,"column":null}},"loc":{"start":{"line":31,"column":0},"end":{"line":38,"column":null}}},"2":{"name":"(anonymous_3)","decl":{"start":{"line":43,"column":0},"end":{"line":43,"column":null}},"loc":{"start":{"line":43,"column":0},"end":{"line":50,"column":null}}},"3":{"name":"(anonymous_4)","decl":{"start":{"line":55,"column":0},"end":{"line":55,"column":null}},"loc":{"start":{"line":55,"column":0},"end":{"line":62,"column":null}}},"4":{"name":"(anonymous_5)","decl":{"start":{"line":66,"column":0},"end":{"line":66,"column":null}},"loc":{"start":{"line":66,"column":0},"end":{"line":68,"column":null}}},"5":{"name":"(anonymous_6)","decl":{"start":{"line":69,"column":0},"end":{"line":69,"column":null}},"loc":{"start":{"line":69,"column":0},"end":{"line":77,"column":null}}},"6":{"name":"(anonymous_7)","decl":{"start":{"line":80,"column":0},"end":{"line":80,"column":null}},"loc":{"start":{"line":80,"column":0},"end":{"line":82,"column":null}}}},"branchMap":{"0":{"loc":{"start":{"line":16,"column":0},"end":{"line":16,"column":null}},"type":"binary-expr","locations":[{"start":{"line":16,"column":0},"end":{"line":16,"column":null}},{"start":{"line":16,"column":0},"end":{"line":16,"column":null}}]},"1":{"loc":{"start":{"line":17,"column":0},"end":{"line":20,"column":null}},"type":"if","locations":[{"start":{"line":17,"column":0},"end":{"line":20,"column":null}},{"start":{"line":17,"column":0},"end":{"line":20,"column":null}}]},"2":{"loc":{"start":{"line":33,"column":0},"end":{"line":36,"column":null}},"type":"if","locations":[{"start":{"line":33,"column":0},"end":{"line":36,"column":null}},{"start":{"line":33,"column":0},"end":{"line":36,"column":null}}]},"3":{"loc":{"start":{"line":44,"column":0},"end":{"line":44,"column":null}},"type":"binary-expr","locations":[{"start":{"line":44,"column":0},"end":{"line":44,"column":null}},{"start":{"line":44,"column":0},"end":{"line":44,"column":null}}]},"4":{"loc":{"start":{"line":45,"column":0},"end":{"line":48,"column":null}},"type":"if","locations":[{"start":{"line":45,"column":0},"end":{"line":48,"column":null}},{"start":{"line":45,"column":0},"end":{"line":48,"column":null}}]},"5":{"loc":{"start":{"line":57,"column":0},"end":{"line":60,"column":null}},"type":"if","locations":[{"start":{"line":57,"column":0},"end":{"line":60,"column":null}},{"start":{"line":57,"column":0},"end":{"line":60,"column":null}}]},"6":{"loc":{"start":{"line":67,"column":0},"end":{"line":67,"column":null}},"type":"binary-expr","locations":[{"start":{"line":67,"column":0},"end":{"line":67,"column":null}},{"start":{"line":67,"column":0},"end":{"line":67,"column":null}}]},"7":{"loc":{"start":{"line":70,"column":0},"end":{"line":70,"column":null}},"type":"cond-expr","locations":[{"start":{"line":70,"column":0},"end":{"line":70,"column":null}},{"start":{"line":70,"column":0},"end":{"line":70,"column":null}}]}},"s":{"0":17,"1":17,"2":1,"3":1,"4":16,"5":17,"6":17,"7":1,"8":1,"9":16,"10":17,"11":17,"12":1,"13":1,"14":16,"15":17,"16":17,"17":1,"18":1,"19":16,"20":21,"21":20,"22":1},"f":{"0":17,"1":17,"2":17,"3":17,"4":21,"5":20,"6":1},"b":{"0":[17,17],"1":[1,16],"2":[1,16],"3":[17,17],"4":[1,16],"5":[1,16],"6":[21,4],"7":[4,56]}}
}
