TN:
SF:D:\www\COMPONENTS_TECNOPS\tecnops\src\components\ps-button.vue
FN:15,(anonymous_1)
FN:31,(anonymous_2)
FN:43,(anonymous_3)
FN:55,(anonymous_4)
FN:66,(anonymous_5)
FN:69,(anonymous_6)
FN:80,(anonymous_7)
FNF:7
FNH:7
FNDA:17,(anonymous_1)
FNDA:17,(anonymous_2)
FNDA:17,(anonymous_3)
FNDA:17,(anonymous_4)
FNDA:21,(anonymous_5)
FNDA:20,(anonymous_6)
FNDA:1,(anonymous_7)
DA:16,17
DA:17,17
DA:18,1
DA:19,1
DA:21,16
DA:32,17
DA:33,17
DA:34,1
DA:35,1
DA:37,16
DA:44,17
DA:45,17
DA:46,1
DA:47,1
DA:49,16
DA:56,17
DA:57,17
DA:58,1
DA:59,1
DA:61,16
DA:67,21
DA:70,20
DA:81,1
LF:23
LH:23
BRDA:16,0,0,17
BRDA:16,0,1,17
BRDA:17,1,0,1
BRDA:17,1,1,16
BRDA:33,2,0,1
BRDA:33,2,1,16
BRDA:44,3,0,17
BRDA:44,3,1,17
BRDA:45,4,0,1
BRDA:45,4,1,16
BRDA:57,5,0,1
BRDA:57,5,1,16
BRDA:67,6,0,21
BRDA:67,6,1,4
BRDA:70,7,0,4
BRDA:70,7,1,56
BRF:16
BRH:16
end_of_record
